<?xml version="1.0" encoding="UTF-8"?>
<!-- Generated by org.testng.reporters.JUnitXMLReporter -->
<testsuite hostname="Lc-NiteshSaxena" name="Default test" tests="7" failures="0" timestamp="7 Apr 2016 09:52:54 GMT" time="28.826" errors="0">
  <testcase name="verifyPagetitle" time="0.667" classname="testcases.android.SelendroidTestAppMainScreenTest"/>
  <testcase name="verifyPageHeader" time="0.141" classname="testcases.android.SelendroidTestAppMainScreenTest"/>
  <testcase name="verifyPageLabelLocalizationText" time="0.093" classname="testcases.android.SelendroidTestAppMainScreenTest"/>
  <testcase name="verifyENButtonText" time="0.047" classname="testcases.android.SelendroidTestAppMainScreenTest"/>
  <testcase name="testENButtonFunctionality" time="14.487" classname="testcases.android.SelendroidTestAppMainScreenTest"/>
  <testcase name="myTextFieldTest" time="11.779" classname="testcases.android.SelendroidTestAppMainScreenTest"/>
  <testcase name="checkIAcceptAddsCheckBox" time="1.581" classname="testcases.android.SelendroidTestAppMainScreenTest"/>
</testsuite> <!-- Default test -->
