<?xml version="1.0" encoding="UTF-8"?>
<!-- Generated by org.testng.reporters.JUnitXMLReporter -->
<testsuite hostname="Niteshs-MacBook-Air.local" name="Default test" tests="5" failures="0" timestamp="2 Apr 2016 15:06:24 GMT" time="1.158" errors="0">
  <testcase name="testENButtonFunctionality" time="0.006" classname="testcases.android.SelendroidTestAppMainScreenTest"/>
  <testcase name="verifyENButtonText" time="0.578" classname="testcases.android.SelendroidTestAppMainScreenTest"/>
  <testcase name="verifyPageHeader" time="0.213" classname="testcases.android.SelendroidTestAppMainScreenTest"/>
  <testcase name="verifyPageLabelLocalizationText" time="0.096" classname="testcases.android.SelendroidTestAppMainScreenTest"/>
  <testcase name="verifyPagetitle" time="0.178" classname="testcases.android.SelendroidTestAppMainScreenTest"/>
</testsuite> <!-- Default test -->
