<?xml version="1.0" encoding="UTF-8"?>
<testng-results skipped="0" failed="1" total="5" passed="4">
  <reporter-output>
  </reporter-output>
  <suite name="Default suite" duration-ms="5203" started-at="2016-04-03T17:09:39Z" finished-at="2016-04-03T17:09:44Z">
    <groups>
    </groups>
    <test name="Default test" duration-ms="5203" started-at="2016-04-03T17:09:39Z" finished-at="2016-04-03T17:09:44Z">
      <class name="testcases.android.SelendroidTestAppMainScreenTest">
        <test-method status="PASS" signature="setUp()[pri:0, instance:testcases.android.SelendroidTestAppMainScreenTest@19bb089b]" name="setUp" is-config="true" duration-ms="28153" started-at="2016-04-03T22:39:11Z" finished-at="2016-04-03T22:39:39Z">
          <reporter-output>
          </reporter-output>
        </test-method> <!-- setUp -->
        <test-method status="PASS" signature="setUpDriver()[pri:0, instance:testcases.android.SelendroidTestAppMainScreenTest@19bb089b]" name="setUpDriver" is-config="true" duration-ms="52" started-at="2016-04-03T22:39:39Z" finished-at="2016-04-03T22:39:39Z">
          <reporter-output>
          </reporter-output>
        </test-method> <!-- setUpDriver -->
        <test-method status="FAIL" signature="testENButtonFunctionality()[pri:0, instance:testcases.android.SelendroidTestAppMainScreenTest@19bb089b]" name="testENButtonFunctionality" duration-ms="4673" started-at="2016-04-03T22:39:39Z" finished-at="2016-04-03T22:39:44Z">
          <exception class="java.lang.NullPointerException">
            <full-stacktrace>
              <![CDATA[java.lang.NullPointerException
	at testcases.android.SelendroidTestAppMainScreenTest.testENButtonFunctionality(SelendroidTestAppMainScreenTest.java:85)
	at sun.reflect.NativeMethodAccessorImpl.invoke0(Native Method)
	at sun.reflect.NativeMethodAccessorImpl.invoke(NativeMethodAccessorImpl.java:62)
	at sun.reflect.DelegatingMethodAccessorImpl.invoke(DelegatingMethodAccessorImpl.java:43)
	at java.lang.reflect.Method.invoke(Method.java:497)
	at org.testng.internal.MethodInvocationHelper.invokeMethod(MethodInvocationHelper.java:84)
	at org.testng.internal.Invoker.invokeMethod(Invoker.java:714)
	at org.testng.internal.Invoker.invokeTestMethod(Invoker.java:901)
	at org.testng.internal.Invoker.invokeTestMethods(Invoker.java:1231)
	at org.testng.internal.TestMethodWorker.invokeTestMethods(TestMethodWorker.java:127)
	at org.testng.internal.TestMethodWorker.run(TestMethodWorker.java:111)
	at org.testng.TestRunner.privateRun(TestRunner.java:767)
	at org.testng.TestRunner.run(TestRunner.java:617)
	at org.testng.SuiteRunner.runTest(SuiteRunner.java:334)
	at org.testng.SuiteRunner.runSequentially(SuiteRunner.java:329)
	at org.testng.SuiteRunner.privateRun(SuiteRunner.java:291)
	at org.testng.SuiteRunner.run(SuiteRunner.java:240)
	at org.testng.SuiteRunnerWorker.runSuite(SuiteRunnerWorker.java:52)
	at org.testng.SuiteRunnerWorker.run(SuiteRunnerWorker.java:86)
	at org.testng.TestNG.runSuitesSequentially(TestNG.java:1224)
	at org.testng.TestNG.runSuitesLocally(TestNG.java:1149)
	at org.testng.TestNG.run(TestNG.java:1057)
	at org.testng.remote.RemoteTestNG.run(RemoteTestNG.java:111)
	at org.testng.remote.RemoteTestNG.initAndRun(RemoteTestNG.java:204)
	at org.testng.remote.RemoteTestNG.main(RemoteTestNG.java:175)
]]>
            </full-stacktrace>
          </exception> <!-- java.lang.NullPointerException -->
          <reporter-output>
          </reporter-output>
        </test-method> <!-- testENButtonFunctionality -->
        <test-method status="PASS" signature="setUpDriver()[pri:0, instance:testcases.android.SelendroidTestAppMainScreenTest@19bb089b]" name="setUpDriver" is-config="true" duration-ms="2" started-at="2016-04-03T22:39:44Z" finished-at="2016-04-03T22:39:44Z">
          <reporter-output>
          </reporter-output>
        </test-method> <!-- setUpDriver -->
        <test-method status="PASS" signature="verifyENButtonText()[pri:0, instance:testcases.android.SelendroidTestAppMainScreenTest@19bb089b]" name="verifyENButtonText" duration-ms="100" started-at="2016-04-03T22:39:44Z" finished-at="2016-04-03T22:39:44Z">
          <reporter-output>
          </reporter-output>
        </test-method> <!-- verifyENButtonText -->
        <test-method status="PASS" signature="setUpDriver()[pri:0, instance:testcases.android.SelendroidTestAppMainScreenTest@19bb089b]" name="setUpDriver" is-config="true" duration-ms="1" started-at="2016-04-03T22:39:44Z" finished-at="2016-04-03T22:39:44Z">
          <reporter-output>
          </reporter-output>
        </test-method> <!-- setUpDriver -->
        <test-method status="PASS" signature="verifyPageHeader()[pri:0, instance:testcases.android.SelendroidTestAppMainScreenTest@19bb089b]" name="verifyPageHeader" duration-ms="158" started-at="2016-04-03T22:39:44Z" finished-at="2016-04-03T22:39:44Z">
          <reporter-output>
          </reporter-output>
        </test-method> <!-- verifyPageHeader -->
        <test-method status="PASS" signature="setUpDriver()[pri:0, instance:testcases.android.SelendroidTestAppMainScreenTest@19bb089b]" name="setUpDriver" is-config="true" duration-ms="2" started-at="2016-04-03T22:39:44Z" finished-at="2016-04-03T22:39:44Z">
          <reporter-output>
          </reporter-output>
        </test-method> <!-- setUpDriver -->
        <test-method status="PASS" signature="verifyPageLabelLocalizationText()[pri:0, instance:testcases.android.SelendroidTestAppMainScreenTest@19bb089b]" name="verifyPageLabelLocalizationText" duration-ms="80" started-at="2016-04-03T22:39:44Z" finished-at="2016-04-03T22:39:44Z">
          <reporter-output>
          </reporter-output>
        </test-method> <!-- verifyPageLabelLocalizationText -->
        <test-method status="PASS" signature="setUpDriver()[pri:0, instance:testcases.android.SelendroidTestAppMainScreenTest@19bb089b]" name="setUpDriver" is-config="true" duration-ms="1" started-at="2016-04-03T22:39:44Z" finished-at="2016-04-03T22:39:44Z">
          <reporter-output>
          </reporter-output>
        </test-method> <!-- setUpDriver -->
        <test-method status="PASS" signature="verifyPagetitle()[pri:0, instance:testcases.android.SelendroidTestAppMainScreenTest@19bb089b]" name="verifyPagetitle" duration-ms="110" started-at="2016-04-03T22:39:44Z" finished-at="2016-04-03T22:39:44Z">
          <reporter-output>
          </reporter-output>
        </test-method> <!-- verifyPagetitle -->
        <test-method status="PASS" signature="tearDown()[pri:0, instance:testcases.android.SelendroidTestAppMainScreenTest@19bb089b]" name="tearDown" is-config="true" duration-ms="0" started-at="2016-04-03T22:39:44Z" finished-at="2016-04-03T22:39:44Z">
          <reporter-output>
          </reporter-output>
        </test-method> <!-- tearDown -->
      </class> <!-- testcases.android.SelendroidTestAppMainScreenTest -->
    </test> <!-- Default test -->
  </suite> <!-- Default suite -->
</testng-results>
