<?xml version="1.0" encoding="UTF-8"?>
<testng-results skipped="0" failed="0" total="5" passed="5">
  <reporter-output>
  </reporter-output>
  <suite name="Default suite" duration-ms="1158" started-at="2016-04-02T15:06:23Z" finished-at="2016-04-02T15:06:24Z">
    <groups>
    </groups>
    <test name="Default test" duration-ms="1158" started-at="2016-04-02T15:06:23Z" finished-at="2016-04-02T15:06:24Z">
      <class name="testcases.android.SelendroidTestAppMainScreenTest">
        <test-method status="PASS" signature="setUp()[pri:0, instance:testcases.android.SelendroidTestAppMainScreenTest@5a01ccaa]" name="setUp" is-config="true" duration-ms="28162" started-at="2016-04-02T20:35:54Z" finished-at="2016-04-02T20:36:23Z">
          <reporter-output>
          </reporter-output>
        </test-method> <!-- setUp -->
        <test-method status="PASS" signature="setUpDriver()[pri:0, instance:testcases.android.SelendroidTestAppMainScreenTest@5a01ccaa]" name="setUpDriver" is-config="true" duration-ms="66" started-at="2016-04-02T20:36:23Z" finished-at="2016-04-02T20:36:23Z">
          <reporter-output>
          </reporter-output>
        </test-method> <!-- setUpDriver -->
        <test-method status="PASS" signature="testENButtonFunctionality()[pri:0, instance:testcases.android.SelendroidTestAppMainScreenTest@5a01ccaa]" name="testENButtonFunctionality" duration-ms="6" started-at="2016-04-02T20:36:23Z" finished-at="2016-04-02T20:36:23Z">
          <reporter-output>
          </reporter-output>
        </test-method> <!-- testENButtonFunctionality -->
        <test-method status="PASS" signature="verifyENButtonText()[pri:0, instance:testcases.android.SelendroidTestAppMainScreenTest@5a01ccaa]" name="verifyENButtonText" duration-ms="578" started-at="2016-04-02T20:36:23Z" finished-at="2016-04-02T20:36:23Z">
          <reporter-output>
          </reporter-output>
        </test-method> <!-- verifyENButtonText -->
        <test-method status="PASS" signature="verifyPageHeader()[pri:0, instance:testcases.android.SelendroidTestAppMainScreenTest@5a01ccaa]" name="verifyPageHeader" duration-ms="213" started-at="2016-04-02T20:36:23Z" finished-at="2016-04-02T20:36:23Z">
          <reporter-output>
          </reporter-output>
        </test-method> <!-- verifyPageHeader -->
        <test-method status="PASS" signature="verifyPageLabelLocalizationText()[pri:0, instance:testcases.android.SelendroidTestAppMainScreenTest@5a01ccaa]" name="verifyPageLabelLocalizationText" duration-ms="96" started-at="2016-04-02T20:36:23Z" finished-at="2016-04-02T20:36:24Z">
          <reporter-output>
          </reporter-output>
        </test-method> <!-- verifyPageLabelLocalizationText -->
        <test-method status="PASS" signature="verifyPagetitle()[pri:0, instance:testcases.android.SelendroidTestAppMainScreenTest@5a01ccaa]" name="verifyPagetitle" duration-ms="178" started-at="2016-04-02T20:36:24Z" finished-at="2016-04-02T20:36:24Z">
          <reporter-output>
          </reporter-output>
        </test-method> <!-- verifyPagetitle -->
        <test-method status="PASS" signature="tearDown()[pri:0, instance:testcases.android.SelendroidTestAppMainScreenTest@5a01ccaa]" name="tearDown" is-config="true" duration-ms="0" started-at="2016-04-02T20:36:24Z" finished-at="2016-04-02T20:36:24Z">
          <reporter-output>
          </reporter-output>
        </test-method> <!-- tearDown -->
      </class> <!-- testcases.android.SelendroidTestAppMainScreenTest -->
    </test> <!-- Default test -->
  </suite> <!-- Default suite -->
</testng-results>
